{"total": {"lines":{"total":61,"covered":61,"skipped":0,"pct":100},"statements":{"total":70,"covered":66,"skipped":0,"pct":94.28},"functions":{"total":24,"covered":20,"skipped":0,"pct":83.33},"branches":{"total":6,"covered":6,"skipped":0,"pct":100},"branchesTrue":{"total":0,"covered":0,"skipped":0,"pct":100}}
,"/Users/lujunsheng/myOwnX/mvp/src/index.ts": {"lines":{"total":15,"covered":15,"skipped":0,"pct":100},"functions":{"total":8,"covered":4,"skipped":0,"pct":50},"statements":{"total":23,"covered":19,"skipped":0,"pct":82.6},"branches":{"total":0,"covered":0,"skipped":0,"pct":100}}
,"/Users/lujunsheng/myOwnX/mvp/src/model/model.ts": {"lines":{"total":25,"covered":25,"skipped":0,"pct":100},"functions":{"total":6,"covered":6,"skipped":0,"pct":100},"statements":{"total":25,"covered":25,"skipped":0,"pct":100},"branches":{"total":6,"covered":6,"skipped":0,"pct":100}}
,"/Users/lujunsheng/myOwnX/mvp/src/presenter/factor.ts": {"lines":{"total":5,"covered":5,"skipped":0,"pct":100},"functions":{"total":1,"covered":1,"skipped":0,"pct":100},"statements":{"total":5,"covered":5,"skipped":0,"pct":100},"branches":{"total":0,"covered":0,"skipped":0,"pct":100}}
,"/Users/lujunsheng/myOwnX/mvp/src/presenter/presenter.ts": {"lines":{"total":16,"covered":16,"skipped":0,"pct":100},"functions":{"total":9,"covered":9,"skipped":0,"pct":100},"statements":{"total":17,"covered":17,"skipped":0,"pct":100},"branches":{"total":0,"covered":0,"skipped":0,"pct":100}}
}
