TN:
SF:src/index.ts
FN:5,(anonymous_0)
FN:7,(anonymous_1)
FN:9,(anonymous_2)
FN:11,(anonymous_3)
FN:12,(anonymous_4)
FN:13,(anonymous_5)
FN:14,(anonymous_6)
FN:16,(anonymous_7)
FNF:8
FNH:4
FNDA:2,(anonymous_0)
FNDA:2,(anonymous_1)
FNDA:0,(anonymous_2)
FNDA:2,(anonymous_3)
FNDA:0,(anonymous_4)
FNDA:3,(anonymous_5)
FNDA:0,(anonymous_6)
FNDA:0,(anonymous_7)
DA:2,2
DA:3,2
DA:4,2
DA:5,2
DA:6,2
DA:7,2
DA:8,2
DA:9,2
DA:10,2
DA:11,2
DA:12,2
DA:13,3
DA:14,2
DA:15,2
DA:16,2
LF:15
LH:15
BRF:0
BRH:0
end_of_record
TN:
SF:src/model/model.ts
FN:16,(anonymous_0)
FN:19,(anonymous_1)
FN:25,(anonymous_2)
FN:33,(anonymous_3)
FN:50,(anonymous_4)
FN:53,(anonymous_5)
FNF:6
FNH:6
FNDA:32,(anonymous_0)
FNDA:39,(anonymous_1)
FNDA:34,(anonymous_2)
FNDA:21,(anonymous_3)
FNDA:10,(anonymous_4)
FNDA:3,(anonymous_5)
DA:2,4
DA:3,4
DA:4,4
DA:7,4
DA:9,4
DA:10,4
DA:11,4
DA:12,4
DA:17,32
DA:20,39
DA:21,1
DA:23,38
DA:26,34
DA:27,31
DA:30,3
DA:35,21
DA:36,15
DA:39,6
DA:41,21
DA:42,21
DA:43,21
DA:51,10
DA:52,10
DA:54,3
DA:59,4
LF:25
LH:25
BRDA:20,0,0,1
BRDA:20,0,1,38
BRDA:26,1,0,31
BRDA:26,1,1,3
BRDA:35,2,0,15
BRDA:35,2,1,6
BRF:6
BRH:6
end_of_record
TN:
SF:src/presenter/factor.ts
FN:6,(anonymous_0)
FNF:1
FNH:1
FNDA:3,(anonymous_0)
DA:2,2
DA:3,2
DA:4,2
DA:7,3
DA:10,2
LF:5
LH:5
BRF:0
BRH:0
end_of_record
TN:
SF:src/presenter/presenter.ts
FN:6,(anonymous_0)
FN:7,(anonymous_1)
FN:9,(anonymous_2)
FN:12,(anonymous_3)
FN:15,(anonymous_4)
FN:18,(anonymous_5)
FN:22,(anonymous_6)
FN:26,(anonymous_7)
FN:28,(anonymous_8)
FNF:9
FNH:9
FNDA:14,(anonymous_0)
FNDA:2,(anonymous_1)
FNDA:15,(anonymous_2)
FNDA:5,(anonymous_3)
FNDA:1,(anonymous_4)
FNDA:2,(anonymous_5)
FNDA:2,(anonymous_6)
FNDA:3,(anonymous_7)
FNDA:3,(anonymous_8)
DA:2,3
DA:3,3
DA:4,3
DA:7,14
DA:10,15
DA:13,5
DA:16,1
DA:19,2
DA:20,2
DA:23,2
DA:24,2
DA:27,3
DA:28,3
DA:29,3
DA:31,3
DA:36,3
LF:16
LH:16
BRF:0
BRH:0
end_of_record
