TN:
SF:src/model/model.ts
FN:16,(anonymous_0)
FN:19,(anonymous_1)
FN:25,(anonymous_2)
FN:33,(anonymous_3)
FN:50,(anonymous_4)
FN:53,(anonymous_5)
FNF:6
FNH:6
FNDA:32,(anonymous_0)
FNDA:38,(anonymous_1)
FNDA:34,(anonymous_2)
FNDA:21,(anonymous_3)
FNDA:9,(anonymous_4)
FNDA:2,(anonymous_5)
DA:2,4
DA:3,4
DA:4,4
DA:7,4
DA:9,4
DA:10,4
DA:11,4
DA:12,4
DA:17,32
DA:20,38
DA:21,1
DA:23,37
DA:26,34
DA:27,31
DA:30,3
DA:35,21
DA:36,15
DA:39,6
DA:41,21
DA:42,21
DA:43,21
DA:51,9
DA:52,9
DA:54,2
DA:59,4
LF:25
LH:25
BRDA:20,0,0,1
BRDA:20,0,1,37
BRDA:26,1,0,31
BRDA:26,1,1,3
BRDA:35,2,0,15
BRDA:35,2,1,6
BRF:6
BRH:6
end_of_record
TN:
SF:src/presenter/presenter.ts
FN:6,(anonymous_0)
FN:7,(anonymous_1)
FN:12,(anonymous_2)
FN:16,(anonymous_3)
FN:19,(anonymous_4)
FN:22,(anonymous_5)
FN:26,(anonymous_6)
FN:30,(anonymous_7)
FN:32,(anonymous_8)
FNF:9
FNH:9
FNDA:14,(anonymous_0)
FNDA:2,(anonymous_1)
FNDA:14,(anonymous_2)
FNDA:5,(anonymous_3)
FNDA:1,(anonymous_4)
FNDA:2,(anonymous_5)
FNDA:2,(anonymous_6)
FNDA:2,(anonymous_7)
FNDA:2,(anonymous_8)
DA:2,3
DA:3,3
DA:4,3
DA:7,14
DA:8,2
DA:9,2
DA:13,14
DA:14,14
DA:17,5
DA:20,1
DA:23,2
DA:24,2
DA:27,2
DA:28,2
DA:31,2
DA:32,2
DA:33,2
DA:35,2
DA:40,3
LF:19
LH:19
BRF:0
BRH:0
end_of_record
TN:
SF:src/utils/devtool.ts
FN:6,(anonymous_0)
FN:11,(anonymous_1)
FN:25,(anonymous_2)
FN:35,(anonymous_3)
FN:46,(anonymous_4)
FNF:5
FNH:5
FNDA:6,(anonymous_0)
FNDA:6,(anonymous_1)
FNDA:3,(anonymous_2)
FNDA:19,(anonymous_3)
FNDA:3,(anonymous_4)
DA:2,6
DA:3,6
DA:4,6
DA:7,6
DA:8,6
DA:9,6
DA:15,6
DA:16,6
DA:17,1
DA:18,1
DA:20,5
DA:21,1
DA:23,4
DA:26,3
DA:27,2
DA:29,1
DA:30,1
DA:37,19
DA:38,18
DA:40,1
DA:41,1
DA:47,3
DA:48,2
DA:50,1
DA:51,1
DA:57,6
LF:26
LH:26
BRDA:15,0,0,0
BRDA:15,0,1,6
BRDA:15,1,0,6
BRDA:15,1,1,6
BRDA:16,2,0,1
BRDA:16,2,1,5
BRDA:20,3,0,1
BRDA:20,3,1,4
BRDA:26,4,0,2
BRDA:26,4,1,1
BRDA:37,5,0,18
BRDA:37,5,1,1
BRDA:47,6,0,2
BRDA:47,6,1,1
BRF:14
BRH:13
end_of_record
